Arguments: 
  C:\Program Files\nodejs\node.exe C:\Users\david\AppData\Roaming\npm\node_modules\yarn\bin\yarn.js

PATH: 
  C:\WINDOWS\system32;C:\WINDOWS;C:\WINDOWS\System32\Wbem;C:\WINDOWS\System32\WindowsPowerShell\v1.0\;C:\WINDOWS\System32\OpenSSH\;C:\Program Files\dotnet\;C:\Program Files\Docker\Docker\resources\bin;C:\ProgramData\DockerDesktop\version-bin;C:\Program Files\Git\cmd;C:\Users\david\AppData\Roaming\nvm;C:\Program Files\nodejs;C:\Program Files (x86)\Gpg4win\..\GnuPG\bin;C:\Program Files\Go\bin;C:\Users\david\AppData\Local\Programs\Python\Python311\Scripts\;C:\Users\david\AppData\Local\Programs\Python\Python311\;C:\Users\david\AppData\Local\Microsoft\WindowsApps;C:\Users\david\AppData\Local\Programs\Microsoft VS Code\bin;C:\Users\david\AppData\Roaming\npm;C:\Program Files\Git\etc;C:\Users\david\AppData\Local\GitHubDesktop\bin;C:\Users\david\AppData\Roaming\nvm;C:\Program Files\nodejs;C:\Users\david\go\bin

Yarn version: 
  1.22.19

Node version: 
  21.6.1

Platform: 
  win32 x64

Trace: 
  Error: https://registry.yarnpkg.com/rxjs/-/rxjs-6.6.7.tgz: ESOCKETTIMEDOUT
      at ClientRequest.<anonymous> (C:\Users\david\AppData\Roaming\npm\node_modules\yarn\lib\cli.js:141517:19)
      at Object.onceWrapper (node:events:633:28)
      at ClientRequest.emit (node:events:519:28)
      at TLSSocket.emitRequestTimeout (node:_http_client:837:9)
      at Object.onceWrapper (node:events:633:28)
      at TLSSocket.emit (node:events:531:35)
      at Socket._onTimeout (node:net:589:8)
      at listOnTimeout (node:internal/timers:573:17)
      at process.processTimers (node:internal/timers:514:7)

npm manifest: 
  {
    "name": "turbotron",
    "main": "expo-router/entry",
    "version": "1.0.0",
    "scripts": {
      "start": "expo start",
      "reset-project": "node ./scripts/reset-project.js",
      "android": "expo start --android",
      "ios": "expo start --ios",
      "web": "expo start --web",
      "test": "jest --watchAll",
      "lint": "expo lint"
    },
    "jest": {
      "preset": "jest-expo"
    },
    "dependencies": {
      "@expo/vector-icons": "^14.0.0",
      "@korsolutions/react-native-joystick": "^2.0.1",
      "@react-navigation/native": "^6.0.2",
      "@wuba/react-native-echarts": "^1.3.1",
      "chart.js": "^4.4.3",
      "echarts": "^5.5.0",
      "expo": "~51.0.2",
      "expo-av": "~14.0.6",
      "expo-constants": "~16.0.1",
      "expo-font": "~12.0.4",
      "expo-linking": "~6.3.1",
      "expo-router": "~3.5.11",
      "expo-splash-screen": "~0.27.4",
      "expo-status-bar": "~1.12.1",
      "expo-system-ui": "~3.0.4",
      "expo-video": "^1.1.10",
      "expo-web-browser": "~13.0.3",
      "react": "18.2.0",
      "react-chartjs-2": "^5.2.0",
      "react-dom": "18.2.0",
      "react-native": "^0.72.6",
      "react-native-canvas": "^0.1.40",
      "react-native-chart-kit": "^6.12.0",
      "react-native-chartjs": "^1.0.2",
      "react-native-game-engine": "^1.2.0",
      "react-native-gesture-handler": "^2.12.1",
      "react-native-reanimated": "~3.10.1",
      "react-native-safe-area-context": "4.10.1",
      "react-native-screens": "3.31.1",
      "react-native-video": "^6.4.5",
      "react-native-web": "~0.19.10",
      "react-native-webview": "^13.12.1"
    },
    "devDependencies": {
      "@babel/core": "^7.20.0",
      "@types/jest": "^29.5.12",
      "@types/react": "~18.2.45",
      "@types/react-native": "^0.73.0",
      "@types/react-test-renderer": "^18.0.7",
      "jest": "^29.2.1",
      "jest-expo": "~51.0.1",
      "react-test-renderer": "18.2.0",
      "typescript": "~5.3.3"
    },
    "private": true
  }

yarn manifest: 
  No manifest

Lockfile: 
  No lockfile
